<?xml version="1.0" encoding="UTF-8"?>
<testsuite xmlns:xsi="http://www.w3.org/2001/XMLSchema-instance" xsi:noNamespaceSchemaLocation="https://maven.apache.org/surefire/maven-failsafe-plugin/xsd/failsafe-test-report.xsd" name="edu.pdx.cs410J.gharini.Project1IT" time="0.434" tests="21" errors="0" skipped="0" failures="0">
  <properties>
[...]
</properties>
  <testcase name="testEndDateIsBeforeToday" classname="edu.pdx.cs410J.gharini.Project1IT" time="0.188"/>
  <testcase name="testAllOptionsAndArgumentsPrintsReadmeAndPhonecallDetails" classname="edu.pdx.cs410J.gharini.Project1IT" time="0.039"/>
  <testcase name="testProgramRunsWithoutOptions" classname="edu.pdx.cs410J.gharini.Project1IT" time="0.001"/>
  <testcase name="testStartDateISBeforeEndDate" classname="edu.pdx.cs410J.gharini.Project1IT" time="0.015"/>
  <testcase name="testValidPhoneNumberFormat1" classname="edu.pdx.cs410J.gharini.Project1IT" time="0.001"/>
  <testcase name="testValidPhoneNumberFormat2" classname="edu.pdx.cs410J.gharini.Project1IT" time="0"/>
  <testcase name="testValidPhoneNumberFormat3" classname="edu.pdx.cs410J.gharini.Project1IT" time="0.001"/>
  <testcase name="testFewCommandLineArgumentsMissing" classname="edu.pdx.cs410J.gharini.Project1IT" time="0.001"/>
  <testcase name="testNoCommandLineArguments" classname="edu.pdx.cs410J.gharini.Project1IT" time="0.002"/>
  <testcase name="testPrintOption" classname="edu.pdx.cs410J.gharini.Project1IT" time="0.031"/>
  <testcase name="testDashReadmeForCaseSensitive" classname="edu.pdx.cs410J.gharini.Project1IT" time="0.001"/>
  <testcase name="testCallerAndCalleeHasToBeDifferent" classname="edu.pdx.cs410J.gharini.Project1IT" time="0.001"/>
  <testcase name="testDashReadme" classname="edu.pdx.cs410J.gharini.Project1IT" time="0.001"/>
  <testcase name="testOptionsAreCaseSensitive" classname="edu.pdx.cs410J.gharini.Project1IT" time="0.001"/>
  <testcase name="testStartAndEndTimesCanBeEqual" classname="edu.pdx.cs410J.gharini.Project1IT" time="0.001"/>
  <testcase name="testArgumentFormat" classname="edu.pdx.cs410J.gharini.Project1IT" time="0.005"/>
  <testcase name="testValidDateFormat1" classname="edu.pdx.cs410J.gharini.Project1IT" time="0.001"/>
  <testcase name="testValidDateFormat2" classname="edu.pdx.cs410J.gharini.Project1IT" time="0.001"/>
  <testcase name="testStartAndEndTimeHave24HrFormat" classname="edu.pdx.cs410J.gharini.Project1IT" time="0.002"/>
  <testcase name="testValidTimeFormat" classname="edu.pdx.cs410J.gharini.Project1IT" time="0.002"/>
  <testcase name="testTooManyCommandLineArguments" classname="edu.pdx.cs410J.gharini.Project1IT" time="0"/>
</testsuite>