GROUP,PACKAGE,CLASS,INSTRUCTION_MISSED,INSTRUCTION_COVERED,BRANCH_MISSED,BRANCH_COVERED,LINE_MISSED,LINE_COVERED,COMPLEXITY_MISSED,COMPLEXITY_COVERED,METHOD_MISSED,METHOD_COVERED
Phone Bill Web/REST Project,edu.pdx.cs410J.gharini,SameCallerAndCalleeException,7,0,0,0,4,0,2,0,2,0
Phone Bill Web/REST Project,edu.pdx.cs410J.gharini,InvalidPhoneNumberException,7,0,0,0,4,0,2,0,2,0
Phone Bill Web/REST Project,edu.pdx.cs410J.gharini,InvalidNumberOfArgumentsException,7,0,0,0,4,0,2,0,2,0
Phone Bill Web/REST Project,edu.pdx.cs410J.gharini,TextParser,38,0,0,0,10,0,2,0,2,0
Phone Bill Web/REST Project,edu.pdx.cs410J.gharini,TextDumper,101,0,0,0,27,0,2,0,2,0
Phone Bill Web/REST Project,edu.pdx.cs410J.gharini,PhoneBillRestClient.PhoneBillRestException,8,0,0,0,3,0,1,0,1,0
Phone Bill Web/REST Project,edu.pdx.cs410J.gharini,PhoneCall,90,0,8,0,27,0,13,0,9,0
Phone Bill Web/REST Project,edu.pdx.cs410J.gharini,InvalidArgumentFormatException,7,0,0,0,4,0,2,0,2,0
Phone Bill Web/REST Project,edu.pdx.cs410J.gharini,FileException,7,0,0,0,4,0,2,0,2,0
Phone Bill Web/REST Project,edu.pdx.cs410J.gharini,PrettyPrinter,62,0,0,0,22,0,4,0,4,0
Phone Bill Web/REST Project,edu.pdx.cs410J.gharini,Messages,119,0,6,0,22,0,11,0,8,0
Phone Bill Web/REST Project,edu.pdx.cs410J.gharini,Messages.new Map.Entry() {...},29,0,2,0,7,0,5,0,4,0
Phone Bill Web/REST Project,edu.pdx.cs410J.gharini,Project4,544,0,76,0,144,0,40,0,2,0
Phone Bill Web/REST Project,edu.pdx.cs410J.gharini,PhoneBillRestClient,179,0,6,0,25,0,9,0,6,0
Phone Bill Web/REST Project,edu.pdx.cs410J.gharini,FileHelper,516,0,52,0,130,0,38,0,12,0
Phone Bill Web/REST Project,edu.pdx.cs410J.gharini,InvalidDateAndTimeException,7,0,0,0,4,0,2,0,2,0
Phone Bill Web/REST Project,edu.pdx.cs410J.gharini,PhoneBillServlet,643,0,70,0,146,0,42,0,7,0
Phone Bill Web/REST Project,edu.pdx.cs410J.gharini,Project3,440,0,46,0,121,0,25,0,2,0
Phone Bill Web/REST Project,edu.pdx.cs410J.gharini,NoSuchPhoneBillException,7,0,0,0,4,0,2,0,2,0
Phone Bill Web/REST Project,edu.pdx.cs410J.gharini,PhoneBill,23,0,0,0,8,0,4,0,4,0
Phone Bill Web/REST Project,edu.pdx.cs410J.gharini,PhoneCallHelper,768,0,122,0,155,0,81,0,20,0
Phone Bill Web/REST Project,edu.pdx.cs410J.gharini,InvalidOptionException,7,0,0,0,4,0,2,0,2,0
