<?xml version="1.0" encoding="UTF-8"?>
<testsuite xmlns:xsi="http://www.w3.org/2001/XMLSchema-instance" xsi:noNamespaceSchemaLocation="https://maven.apache.org/surefire/maven-failsafe-plugin/xsd/failsafe-test-report.xsd" name="edu.pdx.cs410J.gharini.IndexDotHtmlIT" time="0.178" tests="2" errors="0" skipped="0" failures="0">
  <properties>
[...]
</properties>
  <testcase name="indexDotHtmlExists" classname="edu.pdx.cs410J.gharini.IndexDotHtmlIT" time="0.075"/>
  <testcase name="indexDotHtmlHasResonableContent" classname="edu.pdx.cs410J.gharini.IndexDotHtmlIT" time="0.005"/>
</testsuite>